2018-05-15 13:09:44.780 INFO  (main) [   ] o.e.j.s.Server jetty-9.3.20.v20170531
2018-05-15 13:10:01.027 INFO  (main) [   ] o.a.s.s.SolrDispatchFilter  ___      _       Welcome to Apache Solr™ version 7.2.1
2018-05-15 13:10:01.037 INFO  (main) [   ] o.a.s.s.SolrDispatchFilter / __| ___| |_ _   Starting in standalone mode on port 8983
2018-05-15 13:10:01.043 INFO  (main) [   ] o.a.s.s.SolrDispatchFilter \__ \/ _ \ | '_|  Install dir: /home/vagrant/Django/LangSchool/solr-7.2.1
2018-05-15 13:10:01.463 INFO  (main) [   ] o.a.s.s.SolrDispatchFilter |___/\___/_|_|    Start time: 2018-05-15T13:10:01.057Z
2018-05-15 13:10:01.467 INFO  (main) [   ] o.a.s.u.StartupLoggingUtils Property solr.log.muteconsole given. Muting ConsoleAppender named CONSOLE
2018-05-15 13:10:02.461 INFO  (main) [   ] o.a.s.c.SolrResourceLoader Using system property solr.solr.home: /home/vagrant/Django/LangSchool/solr-7.2.1/server/solr
2018-05-15 13:10:02.609 INFO  (main) [   ] o.a.s.c.SolrXmlConfig Loading container configuration from /home/vagrant/Django/LangSchool/solr-7.2.1/server/solr/solr.xml
2018-05-15 13:10:14.602 INFO  (main) [   ] o.a.s.c.CorePropertiesLocator Found 1 core definitions underneath /home/vagrant/Django/LangSchool/solr-7.2.1/server/solr
2018-05-15 13:10:14.634 INFO  (main) [   ] o.a.s.c.CorePropertiesLocator Cores are: [blog]
2018-05-15 13:10:14.711 INFO  (coreLoadExecutor-6-thread-1) [   ] o.a.s.c.TransientSolrCoreCacheDefault Allocating transient cache for 2147483647 transient cores
2018-05-15 13:10:15.812 INFO  (coreLoadExecutor-6-thread-1) [   x:blog] o.a.s.c.SolrConfig Using Lucene MatchVersion: 3.6.0
2018-05-15 13:10:16.397 INFO  (main) [   ] o.e.j.s.Server Started @41067ms
2018-05-15 13:10:18.875 INFO  (coreLoadExecutor-6-thread-1) [   x:blog] o.a.s.s.IndexSchema [blog] Schema name=haystack-schema
2018-05-15 13:10:19.530 WARN  (coreLoadExecutor-6-thread-1) [   x:blog] o.a.s.s.FieldTypePluginLoader TokenizerFactory is using deprecated 3.6.0 emulation. You should at some point declare and reindex to at least 6.0, because 5.x emulation is deprecated and will be removed in 7.0
2018-05-15 13:10:19.711 WARN  (coreLoadExecutor-6-thread-1) [   x:blog] o.a.s.s.FieldTypePluginLoader TokenFilterFactory is using deprecated 3.6.0 emulation. You should at some point declare and reindex to at least 6.0, because 5.x emulation is deprecated and will be removed in 7.0
2018-05-15 13:10:20.315 WARN  (coreLoadExecutor-6-thread-1) [   x:blog] o.a.s.s.FieldTypePluginLoader TokenFilterFactory is using deprecated 3.6.0 emulation. You should at some point declare and reindex to at least 6.0, because 5.x emulation is deprecated and will be removed in 7.0
2018-05-15 13:10:20.422 WARN  (coreLoadExecutor-6-thread-1) [   x:blog] o.a.s.s.FieldTypePluginLoader TokenizerFactory is using deprecated 3.6.0 emulation. You should at some point declare and reindex to at least 6.0, because 5.x emulation is deprecated and will be removed in 7.0
2018-05-15 13:10:20.426 WARN  (coreLoadExecutor-6-thread-1) [   x:blog] o.a.s.s.FieldTypePluginLoader TokenFilterFactory is using deprecated 3.6.0 emulation. You should at some point declare and reindex to at least 6.0, because 5.x emulation is deprecated and will be removed in 7.0
2018-05-15 13:10:20.442 WARN  (coreLoadExecutor-6-thread-1) [   x:blog] o.a.s.s.FieldTypePluginLoader TokenFilterFactory is using deprecated 3.6.0 emulation. You should at some point declare and reindex to at least 6.0, because 5.x emulation is deprecated and will be removed in 7.0
2018-05-15 13:10:20.449 WARN  (coreLoadExecutor-6-thread-1) [   x:blog] o.a.s.s.FieldTypePluginLoader TokenFilterFactory is using deprecated 3.6.0 emulation. You should at some point declare and reindex to at least 6.0, because 5.x emulation is deprecated and will be removed in 7.0
2018-05-15 13:10:20.548 WARN  (coreLoadExecutor-6-thread-1) [   x:blog] o.a.s.s.FieldTypePluginLoader TokenizerFactory is using deprecated 3.6.0 emulation. You should at some point declare and reindex to at least 6.0, because 5.x emulation is deprecated and will be removed in 7.0
2018-05-15 13:10:20.564 WARN  (coreLoadExecutor-6-thread-1) [   x:blog] o.a.s.s.FieldTypePluginLoader TokenFilterFactory is using deprecated 3.6.0 emulation. You should at some point declare and reindex to at least 6.0, because 5.x emulation is deprecated and will be removed in 7.0
2018-05-15 13:10:20.616 WARN  (coreLoadExecutor-6-thread-1) [   x:blog] o.a.s.s.FieldTypePluginLoader TokenizerFactory is using deprecated 3.6.0 emulation. You should at some point declare and reindex to at least 6.0, because 5.x emulation is deprecated and will be removed in 7.0
2018-05-15 13:10:20.642 WARN  (coreLoadExecutor-6-thread-1) [   x:blog] o.a.s.s.FieldTypePluginLoader TokenFilterFactory is using deprecated 3.6.0 emulation. You should at some point declare and reindex to at least 6.0, because 5.x emulation is deprecated and will be removed in 7.0
2018-05-15 13:10:20.648 WARN  (coreLoadExecutor-6-thread-1) [   x:blog] o.a.s.s.FieldTypePluginLoader TokenFilterFactory is using deprecated 3.6.0 emulation. You should at some point declare and reindex to at least 6.0, because 5.x emulation is deprecated and will be removed in 7.0
2018-05-15 13:10:21.237 WARN  (coreLoadExecutor-6-thread-1) [   x:blog] o.a.s.c.SolrResourceLoader Solr loaded a deprecated plugin/analysis class [solr.TrieIntField]. Please consult documentation how to replace it accordingly.
2018-05-15 13:10:21.345 WARN  (coreLoadExecutor-6-thread-1) [   x:blog] o.a.s.c.SolrResourceLoader Solr loaded a deprecated plugin/analysis class [solr.TrieFloatField]. Please consult documentation how to replace it accordingly.
2018-05-15 13:10:21.454 WARN  (coreLoadExecutor-6-thread-1) [   x:blog] o.a.s.c.SolrResourceLoader Solr loaded a deprecated plugin/analysis class [solr.TrieLongField]. Please consult documentation how to replace it accordingly.
2018-05-15 13:10:21.584 WARN  (coreLoadExecutor-6-thread-1) [   x:blog] o.a.s.c.SolrResourceLoader Solr loaded a deprecated plugin/analysis class [solr.TrieDoubleField]. Please consult documentation how to replace it accordingly.
2018-05-15 13:10:22.444 WARN  (coreLoadExecutor-6-thread-1) [   x:blog] o.a.s.c.SolrResourceLoader Solr loaded a deprecated plugin/analysis class [solr.TrieDateField]. Please consult documentation how to replace it accordingly.
2018-05-15 13:10:22.717 WARN  (coreLoadExecutor-6-thread-1) [   x:blog] o.a.s.s.FieldTypePluginLoader TokenizerFactory is using deprecated 3.6.0 emulation. You should at some point declare and reindex to at least 6.0, because 5.x emulation is deprecated and will be removed in 7.0
2018-05-15 13:10:22.771 WARN  (coreLoadExecutor-6-thread-1) [   x:blog] o.a.s.s.FieldTypePluginLoader TokenizerFactory is using deprecated 3.6.0 emulation. You should at some point declare and reindex to at least 6.0, because 5.x emulation is deprecated and will be removed in 7.0
2018-05-15 13:10:22.792 WARN  (coreLoadExecutor-6-thread-1) [   x:blog] o.a.s.s.FieldTypePluginLoader TokenFilterFactory is using deprecated 3.6.0 emulation. You should at some point declare and reindex to at least 6.0, because 5.x emulation is deprecated and will be removed in 7.0
2018-05-15 13:10:22.823 WARN  (coreLoadExecutor-6-thread-1) [   x:blog] o.a.s.s.FieldTypePluginLoader TokenFilterFactory is using deprecated 3.6.0 emulation. You should at some point declare and reindex to at least 6.0, because 5.x emulation is deprecated and will be removed in 7.0
2018-05-15 13:10:22.847 WARN  (coreLoadExecutor-6-thread-1) [   x:blog] o.a.s.s.FieldTypePluginLoader TokenFilterFactory is using deprecated 3.6.0 emulation. You should at some point declare and reindex to at least 6.0, because 5.x emulation is deprecated and will be removed in 7.0
2018-05-15 13:10:22.877 WARN  (coreLoadExecutor-6-thread-1) [   x:blog] o.a.s.s.FieldTypePluginLoader TokenizerFactory is using deprecated 3.6.0 emulation. You should at some point declare and reindex to at least 6.0, because 5.x emulation is deprecated and will be removed in 7.0
2018-05-15 13:10:22.880 WARN  (coreLoadExecutor-6-thread-1) [   x:blog] o.a.s.s.FieldTypePluginLoader TokenFilterFactory is using deprecated 3.6.0 emulation. You should at some point declare and reindex to at least 6.0, because 5.x emulation is deprecated and will be removed in 7.0
2018-05-15 13:10:22.885 WARN  (coreLoadExecutor-6-thread-1) [   x:blog] o.a.s.s.FieldTypePluginLoader TokenFilterFactory is using deprecated 3.6.0 emulation. You should at some point declare and reindex to at least 6.0, because 5.x emulation is deprecated and will be removed in 7.0
2018-05-15 13:10:22.931 WARN  (coreLoadExecutor-6-thread-1) [   x:blog] o.a.s.s.FieldTypePluginLoader TokenizerFactory is using deprecated 3.6.0 emulation. You should at some point declare and reindex to at least 6.0, because 5.x emulation is deprecated and will be removed in 7.0
2018-05-15 13:10:22.941 WARN  (coreLoadExecutor-6-thread-1) [   x:blog] o.a.s.s.FieldTypePluginLoader TokenFilterFactory is using deprecated 3.6.0 emulation. You should at some point declare and reindex to at least 6.0, because 5.x emulation is deprecated and will be removed in 7.0
2018-05-15 13:10:22.949 WARN  (coreLoadExecutor-6-thread-1) [   x:blog] o.a.s.s.FieldTypePluginLoader TokenFilterFactory is using deprecated 3.6.0 emulation. You should at some point declare and reindex to at least 6.0, because 5.x emulation is deprecated and will be removed in 7.0
2018-05-15 13:10:22.956 WARN  (coreLoadExecutor-6-thread-1) [   x:blog] o.a.s.s.FieldTypePluginLoader TokenFilterFactory is using deprecated 3.6.0 emulation. You should at some point declare and reindex to at least 6.0, because 5.x emulation is deprecated and will be removed in 7.0
2018-05-15 13:10:22.962 WARN  (coreLoadExecutor-6-thread-1) [   x:blog] o.a.s.s.FieldTypePluginLoader TokenFilterFactory is using deprecated 3.6.0 emulation. You should at some point declare and reindex to at least 6.0, because 5.x emulation is deprecated and will be removed in 7.0
2018-05-15 13:10:22.982 WARN  (coreLoadExecutor-6-thread-1) [   x:blog] o.a.s.s.FieldTypePluginLoader TokenFilterFactory is using deprecated 3.6.0 emulation. You should at some point declare and reindex to at least 6.0, because 5.x emulation is deprecated and will be removed in 7.0
2018-05-15 13:10:23.009 WARN  (coreLoadExecutor-6-thread-1) [   x:blog] o.a.s.s.FieldTypePluginLoader TokenFilterFactory is using deprecated 3.6.0 emulation. You should at some point declare and reindex to at least 6.0, because 5.x emulation is deprecated and will be removed in 7.0
2018-05-15 13:10:23.066 WARN  (coreLoadExecutor-6-thread-1) [   x:blog] o.a.s.s.FieldTypePluginLoader TokenizerFactory is using deprecated 3.6.0 emulation. You should at some point declare and reindex to at least 6.0, because 5.x emulation is deprecated and will be removed in 7.0
2018-05-15 13:10:23.078 WARN  (coreLoadExecutor-6-thread-1) [   x:blog] o.a.s.s.FieldTypePluginLoader TokenFilterFactory is using deprecated 3.6.0 emulation. You should at some point declare and reindex to at least 6.0, because 5.x emulation is deprecated and will be removed in 7.0
2018-05-15 13:10:23.084 WARN  (coreLoadExecutor-6-thread-1) [   x:blog] o.a.s.s.FieldTypePluginLoader TokenFilterFactory is using deprecated 3.6.0 emulation. You should at some point declare and reindex to at least 6.0, because 5.x emulation is deprecated and will be removed in 7.0
2018-05-15 13:10:23.091 WARN  (coreLoadExecutor-6-thread-1) [   x:blog] o.a.s.s.FieldTypePluginLoader TokenFilterFactory is using deprecated 3.6.0 emulation. You should at some point declare and reindex to at least 6.0, because 5.x emulation is deprecated and will be removed in 7.0
2018-05-15 13:10:23.105 WARN  (coreLoadExecutor-6-thread-1) [   x:blog] o.a.s.s.FieldTypePluginLoader TokenFilterFactory is using deprecated 3.6.0 emulation. You should at some point declare and reindex to at least 6.0, because 5.x emulation is deprecated and will be removed in 7.0
2018-05-15 13:10:23.108 WARN  (coreLoadExecutor-6-thread-1) [   x:blog] o.a.s.s.FieldTypePluginLoader TokenFilterFactory is using deprecated 3.6.0 emulation. You should at some point declare and reindex to at least 6.0, because 5.x emulation is deprecated and will be removed in 7.0
2018-05-15 13:10:23.151 WARN  (coreLoadExecutor-6-thread-1) [   x:blog] o.a.s.s.FieldTypePluginLoader TokenizerFactory is using deprecated 3.6.0 emulation. You should at some point declare and reindex to at least 6.0, because 5.x emulation is deprecated and will be removed in 7.0
2018-05-15 13:10:23.157 WARN  (coreLoadExecutor-6-thread-1) [   x:blog] o.a.s.s.FieldTypePluginLoader TokenFilterFactory is using deprecated 3.6.0 emulation. You should at some point declare and reindex to at least 6.0, because 5.x emulation is deprecated and will be removed in 7.0
2018-05-15 13:10:23.162 WARN  (coreLoadExecutor-6-thread-1) [   x:blog] o.a.s.s.FieldTypePluginLoader TokenFilterFactory is using deprecated 3.6.0 emulation. You should at some point declare and reindex to at least 6.0, because 5.x emulation is deprecated and will be removed in 7.0
2018-05-15 13:10:23.170 WARN  (coreLoadExecutor-6-thread-1) [   x:blog] o.a.s.s.FieldTypePluginLoader TokenFilterFactory is using deprecated 3.6.0 emulation. You should at some point declare and reindex to at least 6.0, because 5.x emulation is deprecated and will be removed in 7.0
2018-05-15 13:10:23.174 WARN  (coreLoadExecutor-6-thread-1) [   x:blog] o.a.s.s.FieldTypePluginLoader TokenFilterFactory is using deprecated 3.6.0 emulation. You should at some point declare and reindex to at least 6.0, because 5.x emulation is deprecated and will be removed in 7.0
2018-05-15 13:10:23.185 WARN  (coreLoadExecutor-6-thread-1) [   x:blog] o.a.s.s.FieldTypePluginLoader TokenFilterFactory is using deprecated 3.6.0 emulation. You should at some point declare and reindex to at least 6.0, because 5.x emulation is deprecated and will be removed in 7.0
2018-05-15 13:10:23.187 WARN  (coreLoadExecutor-6-thread-1) [   x:blog] o.a.s.s.FieldTypePluginLoader TokenFilterFactory is using deprecated 3.6.0 emulation. You should at some point declare and reindex to at least 6.0, because 5.x emulation is deprecated and will be removed in 7.0
2018-05-15 13:10:23.234 WARN  (coreLoadExecutor-6-thread-1) [   x:blog] o.a.s.s.FieldTypePluginLoader TokenizerFactory is using deprecated 3.6.0 emulation. You should at some point declare and reindex to at least 6.0, because 5.x emulation is deprecated and will be removed in 7.0
2018-05-15 13:10:23.242 WARN  (coreLoadExecutor-6-thread-1) [   x:blog] o.a.s.s.FieldTypePluginLoader TokenFilterFactory is using deprecated 3.6.0 emulation. You should at some point declare and reindex to at least 6.0, because 5.x emulation is deprecated and will be removed in 7.0
2018-05-15 13:10:23.248 WARN  (coreLoadExecutor-6-thread-1) [   x:blog] o.a.s.s.FieldTypePluginLoader TokenFilterFactory is using deprecated 3.6.0 emulation. You should at some point declare and reindex to at least 6.0, because 5.x emulation is deprecated and will be removed in 7.0
2018-05-15 13:10:23.261 WARN  (coreLoadExecutor-6-thread-1) [   x:blog] o.a.s.s.FieldTypePluginLoader TokenFilterFactory is using deprecated 3.6.0 emulation. You should at some point declare and reindex to at least 6.0, because 5.x emulation is deprecated and will be removed in 7.0
2018-05-15 13:10:23.265 WARN  (coreLoadExecutor-6-thread-1) [   x:blog] o.a.s.s.FieldTypePluginLoader TokenFilterFactory is using deprecated 3.6.0 emulation. You should at some point declare and reindex to at least 6.0, because 5.x emulation is deprecated and will be removed in 7.0
2018-05-15 13:10:23.278 WARN  (coreLoadExecutor-6-thread-1) [   x:blog] o.a.s.s.FieldTypePluginLoader TokenFilterFactory is using deprecated 3.6.0 emulation. You should at some point declare and reindex to at least 6.0, because 5.x emulation is deprecated and will be removed in 7.0
2018-05-15 13:10:23.332 WARN  (coreLoadExecutor-6-thread-1) [   x:blog] o.a.s.s.FieldTypePluginLoader TokenizerFactory is using deprecated 3.6.0 emulation. You should at some point declare and reindex to at least 6.0, because 5.x emulation is deprecated and will be removed in 7.0
2018-05-15 13:10:23.353 WARN  (coreLoadExecutor-6-thread-1) [   x:blog] o.a.s.s.FieldTypePluginLoader TokenFilterFactory is using deprecated 3.6.0 emulation. You should at some point declare and reindex to at least 6.0, because 5.x emulation is deprecated and will be removed in 7.0
2018-05-15 13:10:23.358 WARN  (coreLoadExecutor-6-thread-1) [   x:blog] o.a.s.s.FieldTypePluginLoader TokenFilterFactory is using deprecated 3.6.0 emulation. You should at some point declare and reindex to at least 6.0, because 5.x emulation is deprecated and will be removed in 7.0
2018-05-15 13:10:23.363 WARN  (coreLoadExecutor-6-thread-1) [   x:blog] o.a.s.s.FieldTypePluginLoader TokenFilterFactory is using deprecated 3.6.0 emulation. You should at some point declare and reindex to at least 6.0, because 5.x emulation is deprecated and will be removed in 7.0
2018-05-15 13:10:23.374 WARN  (coreLoadExecutor-6-thread-1) [   x:blog] o.a.s.s.FieldTypePluginLoader TokenFilterFactory is using deprecated 3.6.0 emulation. You should at some point declare and reindex to at least 6.0, because 5.x emulation is deprecated and will be removed in 7.0
2018-05-15 13:10:23.377 WARN  (coreLoadExecutor-6-thread-1) [   x:blog] o.a.s.s.FieldTypePluginLoader TokenFilterFactory is using deprecated 3.6.0 emulation. You should at some point declare and reindex to at least 6.0, because 5.x emulation is deprecated and will be removed in 7.0
2018-05-15 13:10:23.381 WARN  (coreLoadExecutor-6-thread-1) [   x:blog] o.a.s.s.FieldTypePluginLoader TokenFilterFactory is using deprecated 3.6.0 emulation. You should at some point declare and reindex to at least 6.0, because 5.x emulation is deprecated and will be removed in 7.0
2018-05-15 13:10:23.396 WARN  (coreLoadExecutor-6-thread-1) [   x:blog] o.a.s.s.FieldTypePluginLoader TokenFilterFactory is using deprecated 3.6.0 emulation. You should at some point declare and reindex to at least 6.0, because 5.x emulation is deprecated and will be removed in 7.0
2018-05-15 13:10:23.465 WARN  (coreLoadExecutor-6-thread-1) [   x:blog] o.a.s.s.FieldTypePluginLoader TokenizerFactory is using deprecated 3.6.0 emulation. You should at some point declare and reindex to at least 6.0, because 5.x emulation is deprecated and will be removed in 7.0
2018-05-15 13:10:23.483 WARN  (coreLoadExecutor-6-thread-1) [   x:blog] o.a.s.s.FieldTypePluginLoader TokenFilterFactory is using deprecated 3.6.0 emulation. You should at some point declare and reindex to at least 6.0, because 5.x emulation is deprecated and will be removed in 7.0
2018-05-15 13:10:23.485 WARN  (coreLoadExecutor-6-thread-1) [   x:blog] o.a.s.s.FieldTypePluginLoader TokenFilterFactory is using deprecated 3.6.0 emulation. You should at some point declare and reindex to at least 6.0, because 5.x emulation is deprecated and will be removed in 7.0
2018-05-15 13:10:23.502 WARN  (coreLoadExecutor-6-thread-1) [   x:blog] o.a.s.s.FieldTypePluginLoader TokenFilterFactory is using deprecated 3.6.0 emulation. You should at some point declare and reindex to at least 6.0, because 5.x emulation is deprecated and will be removed in 7.0
2018-05-15 13:10:23.563 WARN  (coreLoadExecutor-6-thread-1) [   x:blog] o.a.s.s.FieldTypePluginLoader TokenizerFactory is using deprecated 3.6.0 emulation. You should at some point declare and reindex to at least 6.0, because 5.x emulation is deprecated and will be removed in 7.0
2018-05-15 13:10:23.574 WARN  (coreLoadExecutor-6-thread-1) [   x:blog] o.a.s.s.FieldTypePluginLoader TokenFilterFactory is using deprecated 3.6.0 emulation. You should at some point declare and reindex to at least 6.0, because 5.x emulation is deprecated and will be removed in 7.0
2018-05-15 13:10:23.579 WARN  (coreLoadExecutor-6-thread-1) [   x:blog] o.a.s.s.FieldTypePluginLoader TokenFilterFactory is using deprecated 3.6.0 emulation. You should at some point declare and reindex to at least 6.0, because 5.x emulation is deprecated and will be removed in 7.0
2018-05-15 13:10:23.592 WARN  (coreLoadExecutor-6-thread-1) [   x:blog] o.a.s.s.FieldTypePluginLoader TokenFilterFactory is using deprecated 3.6.0 emulation. You should at some point declare and reindex to at least 6.0, because 5.x emulation is deprecated and will be removed in 7.0
2018-05-15 13:10:23.704 WARN  (coreLoadExecutor-6-thread-1) [   x:blog] o.a.s.s.FieldTypePluginLoader TokenizerFactory is using deprecated 3.6.0 emulation. You should at some point declare and reindex to at least 6.0, because 5.x emulation is deprecated and will be removed in 7.0
2018-05-15 13:10:23.714 WARN  (coreLoadExecutor-6-thread-1) [   x:blog] o.a.s.s.FieldTypePluginLoader TokenFilterFactory is using deprecated 3.6.0 emulation. You should at some point declare and reindex to at least 6.0, because 5.x emulation is deprecated and will be removed in 7.0
2018-05-15 13:10:23.758 WARN  (coreLoadExecutor-6-thread-1) [   x:blog] o.a.s.s.FieldTypePluginLoader TokenizerFactory is using deprecated 3.6.0 emulation. You should at some point declare and reindex to at least 6.0, because 5.x emulation is deprecated and will be removed in 7.0
2018-05-15 13:10:23.766 WARN  (coreLoadExecutor-6-thread-1) [   x:blog] o.a.s.s.FieldTypePluginLoader TokenFilterFactory is using deprecated 3.6.0 emulation. You should at some point declare and reindex to at least 6.0, because 5.x emulation is deprecated and will be removed in 7.0
2018-05-15 13:10:23.789 WARN  (coreLoadExecutor-6-thread-1) [   x:blog] o.a.s.s.FieldTypePluginLoader TokenizerFactory is using deprecated 3.6.0 emulation. You should at some point declare and reindex to at least 6.0, because 5.x emulation is deprecated and will be removed in 7.0
2018-05-15 13:10:23.820 WARN  (coreLoadExecutor-6-thread-1) [   x:blog] o.a.s.s.FieldTypePluginLoader TokenizerFactory is using deprecated 3.6.0 emulation. You should at some point declare and reindex to at least 6.0, because 5.x emulation is deprecated and will be removed in 7.0
2018-05-15 13:10:23.857 WARN  (coreLoadExecutor-6-thread-1) [   x:blog] o.a.s.s.FieldTypePluginLoader TokenizerFactory is using deprecated 3.6.0 emulation. You should at some point declare and reindex to at least 6.0, because 5.x emulation is deprecated and will be removed in 7.0
2018-05-15 13:10:23.882 WARN  (coreLoadExecutor-6-thread-1) [   x:blog] o.a.s.s.FieldTypePluginLoader TokenizerFactory is using deprecated 3.6.0 emulation. You should at some point declare and reindex to at least 6.0, because 5.x emulation is deprecated and will be removed in 7.0
2018-05-15 13:10:23.950 WARN  (coreLoadExecutor-6-thread-1) [   x:blog] o.a.s.c.SolrResourceLoader Solr loaded a deprecated plugin/analysis class [solr.LatLonType]. Please consult documentation how to replace it accordingly.
2018-05-15 13:10:24.868 WARN  (coreLoadExecutor-6-thread-1) [   x:blog] o.a.s.s.FieldTypePluginLoader TokenizerFactory is using deprecated 3.6.0 emulation. You should at some point declare and reindex to at least 6.0, because 5.x emulation is deprecated and will be removed in 7.0
2018-05-15 13:10:24.878 WARN  (coreLoadExecutor-6-thread-1) [   x:blog] o.a.s.s.FieldTypePluginLoader TokenFilterFactory is using deprecated 3.6.0 emulation. You should at some point declare and reindex to at least 6.0, because 5.x emulation is deprecated and will be removed in 7.0
2018-05-15 13:10:24.883 WARN  (coreLoadExecutor-6-thread-1) [   x:blog] o.a.s.s.FieldTypePluginLoader TokenFilterFactory is using deprecated 3.6.0 emulation. You should at some point declare and reindex to at least 6.0, because 5.x emulation is deprecated and will be removed in 7.0
2018-05-15 13:10:24.888 WARN  (coreLoadExecutor-6-thread-1) [   x:blog] o.a.s.s.FieldTypePluginLoader TokenFilterFactory is using deprecated 3.6.0 emulation. You should at some point declare and reindex to at least 6.0, because 5.x emulation is deprecated and will be removed in 7.0
2018-05-15 13:10:24.900 WARN  (coreLoadExecutor-6-thread-1) [   x:blog] o.a.s.s.FieldTypePluginLoader TokenFilterFactory is using deprecated 3.6.0 emulation. You should at some point declare and reindex to at least 6.0, because 5.x emulation is deprecated and will be removed in 7.0
2018-05-15 13:10:24.945 WARN  (coreLoadExecutor-6-thread-1) [   x:blog] o.a.s.s.FieldTypePluginLoader TokenizerFactory is using deprecated 3.6.0 emulation. You should at some point declare and reindex to at least 6.0, because 5.x emulation is deprecated and will be removed in 7.0
2018-05-15 13:10:24.954 WARN  (coreLoadExecutor-6-thread-1) [   x:blog] o.a.s.s.FieldTypePluginLoader TokenFilterFactory is using deprecated 3.6.0 emulation. You should at some point declare and reindex to at least 6.0, because 5.x emulation is deprecated and will be removed in 7.0
2018-05-15 13:10:24.963 WARN  (coreLoadExecutor-6-thread-1) [   x:blog] o.a.s.s.FieldTypePluginLoader TokenFilterFactory is using deprecated 3.6.0 emulation. You should at some point declare and reindex to at least 6.0, because 5.x emulation is deprecated and will be removed in 7.0
2018-05-15 13:10:24.973 WARN  (coreLoadExecutor-6-thread-1) [   x:blog] o.a.s.s.FieldTypePluginLoader TokenFilterFactory is using deprecated 3.6.0 emulation. You should at some point declare and reindex to at least 6.0, because 5.x emulation is deprecated and will be removed in 7.0
2018-05-15 13:10:25.041 WARN  (coreLoadExecutor-6-thread-1) [   x:blog] o.a.s.s.FieldTypePluginLoader TokenizerFactory is using deprecated 3.6.0 emulation. You should at some point declare and reindex to at least 6.0, because 5.x emulation is deprecated and will be removed in 7.0
2018-05-15 13:10:25.044 WARN  (coreLoadExecutor-6-thread-1) [   x:blog] o.a.s.s.FieldTypePluginLoader TokenFilterFactory is using deprecated 3.6.0 emulation. You should at some point declare and reindex to at least 6.0, because 5.x emulation is deprecated and will be removed in 7.0
2018-05-15 13:10:25.062 WARN  (coreLoadExecutor-6-thread-1) [   x:blog] o.a.s.s.FieldTypePluginLoader TokenFilterFactory is using deprecated 3.6.0 emulation. You should at some point declare and reindex to at least 6.0, because 5.x emulation is deprecated and will be removed in 7.0
2018-05-15 13:10:25.063 WARN  (coreLoadExecutor-6-thread-1) [   x:blog] o.a.s.s.FieldTypePluginLoader TokenFilterFactory is using deprecated 3.6.0 emulation. You should at some point declare and reindex to at least 6.0, because 5.x emulation is deprecated and will be removed in 7.0
2018-05-15 13:10:25.069 WARN  (coreLoadExecutor-6-thread-1) [   x:blog] o.a.s.s.FieldTypePluginLoader TokenFilterFactory is using deprecated 3.6.0 emulation. You should at some point declare and reindex to at least 6.0, because 5.x emulation is deprecated and will be removed in 7.0
2018-05-15 13:10:25.155 WARN  (coreLoadExecutor-6-thread-1) [   x:blog] o.a.s.s.FieldTypePluginLoader TokenizerFactory is using deprecated 3.6.0 emulation. You should at some point declare and reindex to at least 6.0, because 5.x emulation is deprecated and will be removed in 7.0
2018-05-15 13:10:25.170 WARN  (coreLoadExecutor-6-thread-1) [   x:blog] o.a.s.s.FieldTypePluginLoader TokenFilterFactory is using deprecated 3.6.0 emulation. You should at some point declare and reindex to at least 6.0, because 5.x emulation is deprecated and will be removed in 7.0
2018-05-15 13:10:25.186 WARN  (coreLoadExecutor-6-thread-1) [   x:blog] o.a.s.s.FieldTypePluginLoader TokenFilterFactory is using deprecated 3.6.0 emulation. You should at some point declare and reindex to at least 6.0, because 5.x emulation is deprecated and will be removed in 7.0
2018-05-15 13:10:25.201 WARN  (coreLoadExecutor-6-thread-1) [   x:blog] o.a.s.s.FieldTypePluginLoader TokenFilterFactory is using deprecated 3.6.0 emulation. You should at some point declare and reindex to at least 6.0, because 5.x emulation is deprecated and will be removed in 7.0
2018-05-15 13:10:25.279 WARN  (coreLoadExecutor-6-thread-1) [   x:blog] o.a.s.s.FieldTypePluginLoader TokenizerFactory is using deprecated 3.6.0 emulation. You should at some point declare and reindex to at least 6.0, because 5.x emulation is deprecated and will be removed in 7.0
2018-05-15 13:10:25.286 WARN  (coreLoadExecutor-6-thread-1) [   x:blog] o.a.s.s.FieldTypePluginLoader TokenFilterFactory is using deprecated 3.6.0 emulation. You should at some point declare and reindex to at least 6.0, because 5.x emulation is deprecated and will be removed in 7.0
2018-05-15 13:10:25.293 WARN  (coreLoadExecutor-6-thread-1) [   x:blog] o.a.s.s.FieldTypePluginLoader TokenFilterFactory is using deprecated 3.6.0 emulation. You should at some point declare and reindex to at least 6.0, because 5.x emulation is deprecated and will be removed in 7.0
2018-05-15 13:10:25.301 WARN  (coreLoadExecutor-6-thread-1) [   x:blog] o.a.s.s.FieldTypePluginLoader TokenFilterFactory is using deprecated 3.6.0 emulation. You should at some point declare and reindex to at least 6.0, because 5.x emulation is deprecated and will be removed in 7.0
2018-05-15 13:10:25.377 WARN  (coreLoadExecutor-6-thread-1) [   x:blog] o.a.s.s.FieldTypePluginLoader TokenizerFactory is using deprecated 3.6.0 emulation. You should at some point declare and reindex to at least 6.0, because 5.x emulation is deprecated and will be removed in 7.0
2018-05-15 13:10:25.381 WARN  (coreLoadExecutor-6-thread-1) [   x:blog] o.a.s.s.FieldTypePluginLoader TokenFilterFactory is using deprecated 3.6.0 emulation. You should at some point declare and reindex to at least 6.0, because 5.x emulation is deprecated and will be removed in 7.0
2018-05-15 13:10:25.393 WARN  (coreLoadExecutor-6-thread-1) [   x:blog] o.a.s.s.FieldTypePluginLoader TokenFilterFactory is using deprecated 3.6.0 emulation. You should at some point declare and reindex to at least 6.0, because 5.x emulation is deprecated and will be removed in 7.0
2018-05-15 13:10:25.402 WARN  (coreLoadExecutor-6-thread-1) [   x:blog] o.a.s.s.FieldTypePluginLoader TokenFilterFactory is using deprecated 3.6.0 emulation. You should at some point declare and reindex to at least 6.0, because 5.x emulation is deprecated and will be removed in 7.0
2018-05-15 13:10:25.464 WARN  (coreLoadExecutor-6-thread-1) [   x:blog] o.a.s.s.FieldTypePluginLoader TokenizerFactory is using deprecated 3.6.0 emulation. You should at some point declare and reindex to at least 6.0, because 5.x emulation is deprecated and will be removed in 7.0
2018-05-15 13:10:25.478 WARN  (coreLoadExecutor-6-thread-1) [   x:blog] o.a.s.s.FieldTypePluginLoader TokenFilterFactory is using deprecated 3.6.0 emulation. You should at some point declare and reindex to at least 6.0, because 5.x emulation is deprecated and will be removed in 7.0
2018-05-15 13:10:25.480 WARN  (coreLoadExecutor-6-thread-1) [   x:blog] o.a.s.s.FieldTypePluginLoader TokenFilterFactory is using deprecated 3.6.0 emulation. You should at some point declare and reindex to at least 6.0, because 5.x emulation is deprecated and will be removed in 7.0
2018-05-15 13:10:25.485 WARN  (coreLoadExecutor-6-thread-1) [   x:blog] o.a.s.s.FieldTypePluginLoader TokenFilterFactory is using deprecated 3.6.0 emulation. You should at some point declare and reindex to at least 6.0, because 5.x emulation is deprecated and will be removed in 7.0
2018-05-15 13:10:25.494 WARN  (coreLoadExecutor-6-thread-1) [   x:blog] o.a.s.s.FieldTypePluginLoader TokenFilterFactory is using deprecated 3.6.0 emulation. You should at some point declare and reindex to at least 6.0, because 5.x emulation is deprecated and will be removed in 7.0
2018-05-15 13:10:25.558 WARN  (coreLoadExecutor-6-thread-1) [   x:blog] o.a.s.s.FieldTypePluginLoader TokenizerFactory is using deprecated 3.6.0 emulation. You should at some point declare and reindex to at least 6.0, because 5.x emulation is deprecated and will be removed in 7.0
2018-05-15 13:10:25.566 WARN  (coreLoadExecutor-6-thread-1) [   x:blog] o.a.s.s.FieldTypePluginLoader TokenFilterFactory is using deprecated 3.6.0 emulation. You should at some point declare and reindex to at least 6.0, because 5.x emulation is deprecated and will be removed in 7.0
2018-05-15 13:10:25.579 WARN  (coreLoadExecutor-6-thread-1) [   x:blog] o.a.s.s.FieldTypePluginLoader TokenFilterFactory is using deprecated 3.6.0 emulation. You should at some point declare and reindex to at least 6.0, because 5.x emulation is deprecated and will be removed in 7.0
2018-05-15 13:10:25.592 WARN  (coreLoadExecutor-6-thread-1) [   x:blog] o.a.s.s.FieldTypePluginLoader TokenFilterFactory is using deprecated 3.6.0 emulation. You should at some point declare and reindex to at least 6.0, because 5.x emulation is deprecated and will be removed in 7.0
2018-05-15 13:10:25.679 WARN  (coreLoadExecutor-6-thread-1) [   x:blog] o.a.s.s.FieldTypePluginLoader TokenizerFactory is using deprecated 3.6.0 emulation. You should at some point declare and reindex to at least 6.0, because 5.x emulation is deprecated and will be removed in 7.0
2018-05-15 13:10:25.698 WARN  (coreLoadExecutor-6-thread-1) [   x:blog] o.a.s.s.FieldTypePluginLoader TokenFilterFactory is using deprecated 3.6.0 emulation. You should at some point declare and reindex to at least 6.0, because 5.x emulation is deprecated and will be removed in 7.0
2018-05-15 13:10:25.704 WARN  (coreLoadExecutor-6-thread-1) [   x:blog] o.a.s.s.FieldTypePluginLoader TokenFilterFactory is using deprecated 3.6.0 emulation. You should at some point declare and reindex to at least 6.0, because 5.x emulation is deprecated and will be removed in 7.0
2018-05-15 13:10:25.713 WARN  (coreLoadExecutor-6-thread-1) [   x:blog] o.a.s.s.FieldTypePluginLoader TokenFilterFactory is using deprecated 3.6.0 emulation. You should at some point declare and reindex to at least 6.0, because 5.x emulation is deprecated and will be removed in 7.0
2018-05-15 13:10:25.798 WARN  (coreLoadExecutor-6-thread-1) [   x:blog] o.a.s.s.FieldTypePluginLoader TokenizerFactory is using deprecated 3.6.0 emulation. You should at some point declare and reindex to at least 6.0, because 5.x emulation is deprecated and will be removed in 7.0
2018-05-15 13:10:25.805 WARN  (coreLoadExecutor-6-thread-1) [   x:blog] o.a.s.s.FieldTypePluginLoader TokenFilterFactory is using deprecated 3.6.0 emulation. You should at some point declare and reindex to at least 6.0, because 5.x emulation is deprecated and will be removed in 7.0
2018-05-15 13:10:25.807 WARN  (coreLoadExecutor-6-thread-1) [   x:blog] o.a.s.s.FieldTypePluginLoader TokenFilterFactory is using deprecated 3.6.0 emulation. You should at some point declare and reindex to at least 6.0, because 5.x emulation is deprecated and will be removed in 7.0
2018-05-15 13:10:25.810 WARN  (coreLoadExecutor-6-thread-1) [   x:blog] o.a.s.s.FieldTypePluginLoader TokenFilterFactory is using deprecated 3.6.0 emulation. You should at some point declare and reindex to at least 6.0, because 5.x emulation is deprecated and will be removed in 7.0
2018-05-15 13:10:25.859 WARN  (coreLoadExecutor-6-thread-1) [   x:blog] o.a.s.s.FieldTypePluginLoader CharFilterFactory is using deprecated 3.6.0 emulation. You should at some point declare and reindex to at least 6.0, because 5.x emulation is deprecated and will be removed in 7.0
2018-05-15 13:10:25.910 WARN  (coreLoadExecutor-6-thread-1) [   x:blog] o.a.s.s.FieldTypePluginLoader TokenizerFactory is using deprecated 3.6.0 emulation. You should at some point declare and reindex to at least 6.0, because 5.x emulation is deprecated and will be removed in 7.0
2018-05-15 13:10:25.917 WARN  (coreLoadExecutor-6-thread-1) [   x:blog] o.a.s.s.FieldTypePluginLoader TokenFilterFactory is using deprecated 3.6.0 emulation. You should at some point declare and reindex to at least 6.0, because 5.x emulation is deprecated and will be removed in 7.0
2018-05-15 13:10:25.919 WARN  (coreLoadExecutor-6-thread-1) [   x:blog] o.a.s.s.FieldTypePluginLoader TokenFilterFactory is using deprecated 3.6.0 emulation. You should at some point declare and reindex to at least 6.0, because 5.x emulation is deprecated and will be removed in 7.0
2018-05-15 13:10:25.921 WARN  (coreLoadExecutor-6-thread-1) [   x:blog] o.a.s.s.FieldTypePluginLoader TokenFilterFactory is using deprecated 3.6.0 emulation. You should at some point declare and reindex to at least 6.0, because 5.x emulation is deprecated and will be removed in 7.0
2018-05-15 13:10:25.925 WARN  (coreLoadExecutor-6-thread-1) [   x:blog] o.a.s.s.FieldTypePluginLoader TokenFilterFactory is using deprecated 3.6.0 emulation. You should at some point declare and reindex to at least 6.0, because 5.x emulation is deprecated and will be removed in 7.0
2018-05-15 13:10:25.948 WARN  (coreLoadExecutor-6-thread-1) [   x:blog] o.a.s.s.FieldTypePluginLoader TokenizerFactory is using deprecated 3.6.0 emulation. You should at some point declare and reindex to at least 6.0, because 5.x emulation is deprecated and will be removed in 7.0
2018-05-15 13:10:25.950 WARN  (coreLoadExecutor-6-thread-1) [   x:blog] o.a.s.s.FieldTypePluginLoader TokenFilterFactory is using deprecated 3.6.0 emulation. You should at some point declare and reindex to at least 6.0, because 5.x emulation is deprecated and will be removed in 7.0
2018-05-15 13:10:25.952 WARN  (coreLoadExecutor-6-thread-1) [   x:blog] o.a.s.s.FieldTypePluginLoader TokenFilterFactory is using deprecated 3.6.0 emulation. You should at some point declare and reindex to at least 6.0, because 5.x emulation is deprecated and will be removed in 7.0
2018-05-15 13:10:25.955 WARN  (coreLoadExecutor-6-thread-1) [   x:blog] o.a.s.s.FieldTypePluginLoader TokenFilterFactory is using deprecated 3.6.0 emulation. You should at some point declare and reindex to at least 6.0, because 5.x emulation is deprecated and will be removed in 7.0
2018-05-15 13:10:25.981 WARN  (coreLoadExecutor-6-thread-1) [   x:blog] o.a.s.s.FieldTypePluginLoader TokenizerFactory is using deprecated 3.6.0 emulation. You should at some point declare and reindex to at least 6.0, because 5.x emulation is deprecated and will be removed in 7.0
2018-05-15 13:10:25.984 WARN  (coreLoadExecutor-6-thread-1) [   x:blog] o.a.s.s.FieldTypePluginLoader TokenFilterFactory is using deprecated 3.6.0 emulation. You should at some point declare and reindex to at least 6.0, because 5.x emulation is deprecated and will be removed in 7.0
2018-05-15 13:10:25.988 WARN  (coreLoadExecutor-6-thread-1) [   x:blog] o.a.s.s.FieldTypePluginLoader TokenFilterFactory is using deprecated 3.6.0 emulation. You should at some point declare and reindex to at least 6.0, because 5.x emulation is deprecated and will be removed in 7.0
2018-05-15 13:10:25.992 WARN  (coreLoadExecutor-6-thread-1) [   x:blog] o.a.s.s.FieldTypePluginLoader TokenFilterFactory is using deprecated 3.6.0 emulation. You should at some point declare and reindex to at least 6.0, because 5.x emulation is deprecated and will be removed in 7.0
2018-05-15 13:10:25.994 WARN  (coreLoadExecutor-6-thread-1) [   x:blog] o.a.s.s.FieldTypePluginLoader TokenFilterFactory is using deprecated 3.6.0 emulation. You should at some point declare and reindex to at least 6.0, because 5.x emulation is deprecated and will be removed in 7.0
2018-05-15 13:10:26.152 WARN  (coreLoadExecutor-6-thread-1) [   x:blog] o.a.s.s.FieldTypePluginLoader TokenizerFactory is using deprecated 3.6.0 emulation. You should at some point declare and reindex to at least 6.0, because 5.x emulation is deprecated and will be removed in 7.0
2018-05-15 13:10:26.163 WARN  (coreLoadExecutor-6-thread-1) [   x:blog] o.a.s.s.FieldTypePluginLoader TokenFilterFactory is using deprecated 3.6.0 emulation. You should at some point declare and reindex to at least 6.0, because 5.x emulation is deprecated and will be removed in 7.0
2018-05-15 13:10:26.166 WARN  (coreLoadExecutor-6-thread-1) [   x:blog] o.a.s.s.FieldTypePluginLoader TokenFilterFactory is using deprecated 3.6.0 emulation. You should at some point declare and reindex to at least 6.0, because 5.x emulation is deprecated and will be removed in 7.0
2018-05-15 13:10:26.169 WARN  (coreLoadExecutor-6-thread-1) [   x:blog] o.a.s.s.FieldTypePluginLoader TokenFilterFactory is using deprecated 3.6.0 emulation. You should at some point declare and reindex to at least 6.0, because 5.x emulation is deprecated and will be removed in 7.0
2018-05-15 13:10:26.172 WARN  (coreLoadExecutor-6-thread-1) [   x:blog] o.a.s.s.FieldTypePluginLoader TokenFilterFactory is using deprecated 3.6.0 emulation. You should at some point declare and reindex to at least 6.0, because 5.x emulation is deprecated and will be removed in 7.0
2018-05-15 13:10:26.173 WARN  (coreLoadExecutor-6-thread-1) [   x:blog] o.a.s.s.FieldTypePluginLoader TokenFilterFactory is using deprecated 3.6.0 emulation. You should at some point declare and reindex to at least 6.0, because 5.x emulation is deprecated and will be removed in 7.0
2018-05-15 13:10:26.195 WARN  (coreLoadExecutor-6-thread-1) [   x:blog] o.a.s.s.FieldTypePluginLoader TokenizerFactory is using deprecated 3.6.0 emulation. You should at some point declare and reindex to at least 6.0, because 5.x emulation is deprecated and will be removed in 7.0
2018-05-15 13:10:26.199 WARN  (coreLoadExecutor-6-thread-1) [   x:blog] o.a.s.s.FieldTypePluginLoader TokenFilterFactory is using deprecated 3.6.0 emulation. You should at some point declare and reindex to at least 6.0, because 5.x emulation is deprecated and will be removed in 7.0
2018-05-15 13:10:26.201 WARN  (coreLoadExecutor-6-thread-1) [   x:blog] o.a.s.s.FieldTypePluginLoader TokenFilterFactory is using deprecated 3.6.0 emulation. You should at some point declare and reindex to at least 6.0, because 5.x emulation is deprecated and will be removed in 7.0
2018-05-15 13:10:26.203 WARN  (coreLoadExecutor-6-thread-1) [   x:blog] o.a.s.s.FieldTypePluginLoader TokenFilterFactory is using deprecated 3.6.0 emulation. You should at some point declare and reindex to at least 6.0, because 5.x emulation is deprecated and will be removed in 7.0
2018-05-15 13:10:26.221 WARN  (coreLoadExecutor-6-thread-1) [   x:blog] o.a.s.s.FieldTypePluginLoader TokenizerFactory is using deprecated 3.6.0 emulation. You should at some point declare and reindex to at least 6.0, because 5.x emulation is deprecated and will be removed in 7.0
2018-05-15 13:10:26.227 WARN  (coreLoadExecutor-6-thread-1) [   x:blog] o.a.s.s.FieldTypePluginLoader TokenFilterFactory is using deprecated 3.6.0 emulation. You should at some point declare and reindex to at least 6.0, because 5.x emulation is deprecated and will be removed in 7.0
2018-05-15 13:10:26.228 WARN  (coreLoadExecutor-6-thread-1) [   x:blog] o.a.s.s.FieldTypePluginLoader TokenFilterFactory is using deprecated 3.6.0 emulation. You should at some point declare and reindex to at least 6.0, because 5.x emulation is deprecated and will be removed in 7.0
2018-05-15 13:10:26.234 WARN  (coreLoadExecutor-6-thread-1) [   x:blog] o.a.s.s.FieldTypePluginLoader TokenFilterFactory is using deprecated 3.6.0 emulation. You should at some point declare and reindex to at least 6.0, because 5.x emulation is deprecated and will be removed in 7.0
2018-05-15 13:10:26.237 WARN  (coreLoadExecutor-6-thread-1) [   x:blog] o.a.s.s.FieldTypePluginLoader TokenFilterFactory is using deprecated 3.6.0 emulation. You should at some point declare and reindex to at least 6.0, because 5.x emulation is deprecated and will be removed in 7.0
2018-05-15 13:10:26.240 WARN  (coreLoadExecutor-6-thread-1) [   x:blog] o.a.s.s.FieldTypePluginLoader TokenFilterFactory is using deprecated 3.6.0 emulation. You should at some point declare and reindex to at least 6.0, because 5.x emulation is deprecated and will be removed in 7.0
2018-05-15 13:10:26.264 WARN  (coreLoadExecutor-6-thread-1) [   x:blog] o.a.s.s.FieldTypePluginLoader TokenizerFactory is using deprecated 3.6.0 emulation. You should at some point declare and reindex to at least 6.0, because 5.x emulation is deprecated and will be removed in 7.0
2018-05-15 13:10:26.265 WARN  (coreLoadExecutor-6-thread-1) [   x:blog] o.a.s.s.FieldTypePluginLoader TokenFilterFactory is using deprecated 3.6.0 emulation. You should at some point declare and reindex to at least 6.0, because 5.x emulation is deprecated and will be removed in 7.0
2018-05-15 13:10:26.267 WARN  (coreLoadExecutor-6-thread-1) [   x:blog] o.a.s.s.FieldTypePluginLoader TokenFilterFactory is using deprecated 3.6.0 emulation. You should at some point declare and reindex to at least 6.0, because 5.x emulation is deprecated and will be removed in 7.0
2018-05-15 13:10:26.268 WARN  (coreLoadExecutor-6-thread-1) [   x:blog] o.a.s.s.FieldTypePluginLoader TokenFilterFactory is using deprecated 3.6.0 emulation. You should at some point declare and reindex to at least 6.0, because 5.x emulation is deprecated and will be removed in 7.0
2018-05-15 13:10:26.284 WARN  (coreLoadExecutor-6-thread-1) [   x:blog] o.a.s.s.FieldTypePluginLoader TokenizerFactory is using deprecated 3.6.0 emulation. You should at some point declare and reindex to at least 6.0, because 5.x emulation is deprecated and will be removed in 7.0
2018-05-15 13:10:26.286 WARN  (coreLoadExecutor-6-thread-1) [   x:blog] o.a.s.s.FieldTypePluginLoader TokenFilterFactory is using deprecated 3.6.0 emulation. You should at some point declare and reindex to at least 6.0, because 5.x emulation is deprecated and will be removed in 7.0
2018-05-15 13:10:26.287 WARN  (coreLoadExecutor-6-thread-1) [   x:blog] o.a.s.s.FieldTypePluginLoader TokenFilterFactory is using deprecated 3.6.0 emulation. You should at some point declare and reindex to at least 6.0, because 5.x emulation is deprecated and will be removed in 7.0
2018-05-15 13:10:26.290 WARN  (coreLoadExecutor-6-thread-1) [   x:blog] o.a.s.s.FieldTypePluginLoader TokenFilterFactory is using deprecated 3.6.0 emulation. You should at some point declare and reindex to at least 6.0, because 5.x emulation is deprecated and will be removed in 7.0
2018-05-15 13:10:26.319 WARN  (coreLoadExecutor-6-thread-1) [   x:blog] o.a.s.s.FieldTypePluginLoader TokenizerFactory is using deprecated 3.6.0 emulation. You should at some point declare and reindex to at least 6.0, because 5.x emulation is deprecated and will be removed in 7.0
2018-05-15 13:10:26.321 WARN  (coreLoadExecutor-6-thread-1) [   x:blog] o.a.s.s.FieldTypePluginLoader TokenFilterFactory is using deprecated 3.6.0 emulation. You should at some point declare and reindex to at least 6.0, because 5.x emulation is deprecated and will be removed in 7.0
2018-05-15 13:10:26.323 WARN  (coreLoadExecutor-6-thread-1) [   x:blog] o.a.s.s.FieldTypePluginLoader TokenFilterFactory is using deprecated 3.6.0 emulation. You should at some point declare and reindex to at least 6.0, because 5.x emulation is deprecated and will be removed in 7.0
2018-05-15 13:10:26.324 WARN  (coreLoadExecutor-6-thread-1) [   x:blog] o.a.s.s.FieldTypePluginLoader TokenFilterFactory is using deprecated 3.6.0 emulation. You should at some point declare and reindex to at least 6.0, because 5.x emulation is deprecated and will be removed in 7.0
2018-05-15 13:10:26.353 WARN  (coreLoadExecutor-6-thread-1) [   x:blog] o.a.s.s.FieldTypePluginLoader TokenizerFactory is using deprecated 3.6.0 emulation. You should at some point declare and reindex to at least 6.0, because 5.x emulation is deprecated and will be removed in 7.0
2018-05-15 13:10:26.355 WARN  (coreLoadExecutor-6-thread-1) [   x:blog] o.a.s.s.FieldTypePluginLoader TokenFilterFactory is using deprecated 3.6.0 emulation. You should at some point declare and reindex to at least 6.0, because 5.x emulation is deprecated and will be removed in 7.0
2018-05-15 13:10:26.357 WARN  (coreLoadExecutor-6-thread-1) [   x:blog] o.a.s.s.FieldTypePluginLoader TokenFilterFactory is using deprecated 3.6.0 emulation. You should at some point declare and reindex to at least 6.0, because 5.x emulation is deprecated and will be removed in 7.0
2018-05-15 13:10:26.358 WARN  (coreLoadExecutor-6-thread-1) [   x:blog] o.a.s.s.FieldTypePluginLoader TokenFilterFactory is using deprecated 3.6.0 emulation. You should at some point declare and reindex to at least 6.0, because 5.x emulation is deprecated and will be removed in 7.0
2018-05-15 13:10:26.360 WARN  (coreLoadExecutor-6-thread-1) [   x:blog] o.a.s.s.FieldTypePluginLoader TokenFilterFactory is using deprecated 3.6.0 emulation. You should at some point declare and reindex to at least 6.0, because 5.x emulation is deprecated and will be removed in 7.0
2018-05-15 13:10:26.399 WARN  (coreLoadExecutor-6-thread-1) [   x:blog] o.a.s.s.FieldTypePluginLoader TokenizerFactory is using deprecated 3.6.0 emulation. You should at some point declare and reindex to at least 6.0, because 5.x emulation is deprecated and will be removed in 7.0
2018-05-15 13:10:26.545 WARN  (coreLoadExecutor-6-thread-1) [   x:blog] o.a.s.s.FieldTypePluginLoader TokenFilterFactory is using deprecated 3.6.0 emulation. You should at some point declare and reindex to at least 6.0, because 5.x emulation is deprecated and will be removed in 7.0
2018-05-15 13:10:26.557 WARN  (coreLoadExecutor-6-thread-1) [   x:blog] o.a.s.s.FieldTypePluginLoader TokenFilterFactory is using deprecated 3.6.0 emulation. You should at some point declare and reindex to at least 6.0, because 5.x emulation is deprecated and will be removed in 7.0
2018-05-15 13:10:26.565 WARN  (coreLoadExecutor-6-thread-1) [   x:blog] o.a.s.s.FieldTypePluginLoader TokenFilterFactory is using deprecated 3.6.0 emulation. You should at some point declare and reindex to at least 6.0, because 5.x emulation is deprecated and will be removed in 7.0
2018-05-15 13:10:26.569 WARN  (coreLoadExecutor-6-thread-1) [   x:blog] o.a.s.s.FieldTypePluginLoader TokenFilterFactory is using deprecated 3.6.0 emulation. You should at some point declare and reindex to at least 6.0, because 5.x emulation is deprecated and will be removed in 7.0
2018-05-15 13:10:26.573 WARN  (coreLoadExecutor-6-thread-1) [   x:blog] o.a.s.s.FieldTypePluginLoader TokenFilterFactory is using deprecated 3.6.0 emulation. You should at some point declare and reindex to at least 6.0, because 5.x emulation is deprecated and will be removed in 7.0
2018-05-15 13:10:26.577 WARN  (coreLoadExecutor-6-thread-1) [   x:blog] o.a.s.s.FieldTypePluginLoader TokenFilterFactory is using deprecated 3.6.0 emulation. You should at some point declare and reindex to at least 6.0, because 5.x emulation is deprecated and will be removed in 7.0
2018-05-15 13:10:26.625 WARN  (coreLoadExecutor-6-thread-1) [   x:blog] o.a.s.s.FieldTypePluginLoader TokenizerFactory is using deprecated 3.6.0 emulation. You should at some point declare and reindex to at least 6.0, because 5.x emulation is deprecated and will be removed in 7.0
2018-05-15 13:10:26.629 WARN  (coreLoadExecutor-6-thread-1) [   x:blog] o.a.s.s.FieldTypePluginLoader TokenFilterFactory is using deprecated 3.6.0 emulation. You should at some point declare and reindex to at least 6.0, because 5.x emulation is deprecated and will be removed in 7.0
2018-05-15 13:10:26.631 WARN  (coreLoadExecutor-6-thread-1) [   x:blog] o.a.s.s.FieldTypePluginLoader TokenFilterFactory is using deprecated 3.6.0 emulation. You should at some point declare and reindex to at least 6.0, because 5.x emulation is deprecated and will be removed in 7.0
2018-05-15 13:10:26.634 WARN  (coreLoadExecutor-6-thread-1) [   x:blog] o.a.s.s.FieldTypePluginLoader TokenFilterFactory is using deprecated 3.6.0 emulation. You should at some point declare and reindex to at least 6.0, because 5.x emulation is deprecated and will be removed in 7.0
2018-05-15 13:10:26.686 WARN  (coreLoadExecutor-6-thread-1) [   x:blog] o.a.s.s.FieldTypePluginLoader TokenizerFactory is using deprecated 3.6.0 emulation. You should at some point declare and reindex to at least 6.0, because 5.x emulation is deprecated and will be removed in 7.0
2018-05-15 13:10:26.695 WARN  (coreLoadExecutor-6-thread-1) [   x:blog] o.a.s.s.FieldTypePluginLoader TokenFilterFactory is using deprecated 3.6.0 emulation. You should at some point declare and reindex to at least 6.0, because 5.x emulation is deprecated and will be removed in 7.0
2018-05-15 13:10:26.697 WARN  (coreLoadExecutor-6-thread-1) [   x:blog] o.a.s.s.FieldTypePluginLoader TokenFilterFactory is using deprecated 3.6.0 emulation. You should at some point declare and reindex to at least 6.0, because 5.x emulation is deprecated and will be removed in 7.0
2018-05-15 13:10:26.698 WARN  (coreLoadExecutor-6-thread-1) [   x:blog] o.a.s.s.FieldTypePluginLoader TokenFilterFactory is using deprecated 3.6.0 emulation. You should at some point declare and reindex to at least 6.0, because 5.x emulation is deprecated and will be removed in 7.0
2018-05-15 13:10:26.708 WARN  (coreLoadExecutor-6-thread-1) [   x:blog] o.a.s.s.FieldTypePluginLoader TokenFilterFactory is using deprecated 3.6.0 emulation. You should at some point declare and reindex to at least 6.0, because 5.x emulation is deprecated and will be removed in 7.0
2018-05-15 13:10:26.745 WARN  (coreLoadExecutor-6-thread-1) [   x:blog] o.a.s.s.FieldTypePluginLoader TokenizerFactory is using deprecated 3.6.0 emulation. You should at some point declare and reindex to at least 6.0, because 5.x emulation is deprecated and will be removed in 7.0
2018-05-15 13:10:26.747 WARN  (coreLoadExecutor-6-thread-1) [   x:blog] o.a.s.s.FieldTypePluginLoader TokenFilterFactory is using deprecated 3.6.0 emulation. You should at some point declare and reindex to at least 6.0, because 5.x emulation is deprecated and will be removed in 7.0
2018-05-15 13:10:26.751 WARN  (coreLoadExecutor-6-thread-1) [   x:blog] o.a.s.s.FieldTypePluginLoader TokenFilterFactory is using deprecated 3.6.0 emulation. You should at some point declare and reindex to at least 6.0, because 5.x emulation is deprecated and will be removed in 7.0
2018-05-15 13:10:26.759 WARN  (coreLoadExecutor-6-thread-1) [   x:blog] o.a.s.s.FieldTypePluginLoader TokenFilterFactory is using deprecated 3.6.0 emulation. You should at some point declare and reindex to at least 6.0, because 5.x emulation is deprecated and will be removed in 7.0
2018-05-15 13:10:26.799 WARN  (coreLoadExecutor-6-thread-1) [   x:blog] o.a.s.s.FieldTypePluginLoader TokenizerFactory is using deprecated 3.6.0 emulation. You should at some point declare and reindex to at least 6.0, because 5.x emulation is deprecated and will be removed in 7.0
2018-05-15 13:10:26.807 WARN  (coreLoadExecutor-6-thread-1) [   x:blog] o.a.s.s.FieldTypePluginLoader TokenFilterFactory is using deprecated 3.6.0 emulation. You should at some point declare and reindex to at least 6.0, because 5.x emulation is deprecated and will be removed in 7.0
2018-05-15 13:10:26.811 WARN  (coreLoadExecutor-6-thread-1) [   x:blog] o.a.s.s.FieldTypePluginLoader TokenFilterFactory is using deprecated 3.6.0 emulation. You should at some point declare and reindex to at least 6.0, because 5.x emulation is deprecated and will be removed in 7.0
2018-05-15 13:10:26.814 WARN  (coreLoadExecutor-6-thread-1) [   x:blog] o.a.s.s.FieldTypePluginLoader TokenFilterFactory is using deprecated 3.6.0 emulation. You should at some point declare and reindex to at least 6.0, because 5.x emulation is deprecated and will be removed in 7.0
2018-05-15 13:10:26.889 WARN  (coreLoadExecutor-6-thread-1) [   x:blog] o.a.s.s.FieldTypePluginLoader TokenizerFactory is using deprecated 3.6.0 emulation. You should at some point declare and reindex to at least 6.0, because 5.x emulation is deprecated and will be removed in 7.0
2018-05-15 13:10:26.897 WARN  (coreLoadExecutor-6-thread-1) [   x:blog] o.a.s.s.FieldTypePluginLoader TokenFilterFactory is using deprecated 3.6.0 emulation. You should at some point declare and reindex to at least 6.0, because 5.x emulation is deprecated and will be removed in 7.0
2018-05-15 13:10:26.900 WARN  (coreLoadExecutor-6-thread-1) [   x:blog] o.a.s.s.FieldTypePluginLoader TokenFilterFactory is using deprecated 3.6.0 emulation. You should at some point declare and reindex to at least 6.0, because 5.x emulation is deprecated and will be removed in 7.0
2018-05-15 13:10:26.902 WARN  (coreLoadExecutor-6-thread-1) [   x:blog] o.a.s.s.FieldTypePluginLoader TokenFilterFactory is using deprecated 3.6.0 emulation. You should at some point declare and reindex to at least 6.0, because 5.x emulation is deprecated and will be removed in 7.0
2018-05-15 13:10:26.963 WARN  (coreLoadExecutor-6-thread-1) [   x:blog] o.a.s.s.FieldTypePluginLoader TokenizerFactory is using deprecated 3.6.0 emulation. You should at some point declare and reindex to at least 6.0, because 5.x emulation is deprecated and will be removed in 7.0
2018-05-15 13:10:26.974 WARN  (coreLoadExecutor-6-thread-1) [   x:blog] o.a.s.s.FieldTypePluginLoader TokenFilterFactory is using deprecated 3.6.0 emulation. You should at some point declare and reindex to at least 6.0, because 5.x emulation is deprecated and will be removed in 7.0
2018-05-15 13:10:26.976 WARN  (coreLoadExecutor-6-thread-1) [   x:blog] o.a.s.s.FieldTypePluginLoader TokenFilterFactory is using deprecated 3.6.0 emulation. You should at some point declare and reindex to at least 6.0, because 5.x emulation is deprecated and will be removed in 7.0
2018-05-15 13:10:26.989 WARN  (coreLoadExecutor-6-thread-1) [   x:blog] o.a.s.s.FieldTypePluginLoader TokenFilterFactory is using deprecated 3.6.0 emulation. You should at some point declare and reindex to at least 6.0, because 5.x emulation is deprecated and will be removed in 7.0
2018-05-15 13:10:27.057 WARN  (coreLoadExecutor-6-thread-1) [   x:blog] o.a.s.s.FieldTypePluginLoader TokenizerFactory is using deprecated 3.6.0 emulation. You should at some point declare and reindex to at least 6.0, because 5.x emulation is deprecated and will be removed in 7.0
2018-05-15 13:10:27.064 WARN  (coreLoadExecutor-6-thread-1) [   x:blog] o.a.s.s.FieldTypePluginLoader TokenFilterFactory is using deprecated 3.6.0 emulation. You should at some point declare and reindex to at least 6.0, because 5.x emulation is deprecated and will be removed in 7.0
2018-05-15 13:10:27.068 WARN  (coreLoadExecutor-6-thread-1) [   x:blog] o.a.s.s.FieldTypePluginLoader TokenFilterFactory is using deprecated 3.6.0 emulation. You should at some point declare and reindex to at least 6.0, because 5.x emulation is deprecated and will be removed in 7.0
2018-05-15 13:10:27.078 WARN  (coreLoadExecutor-6-thread-1) [   x:blog] o.a.s.s.FieldTypePluginLoader TokenFilterFactory is using deprecated 3.6.0 emulation. You should at some point declare and reindex to at least 6.0, because 5.x emulation is deprecated and will be removed in 7.0
2018-05-15 13:10:27.164 WARN  (coreLoadExecutor-6-thread-1) [   x:blog] o.a.s.s.FieldTypePluginLoader TokenizerFactory is using deprecated 3.6.0 emulation. You should at some point declare and reindex to at least 6.0, because 5.x emulation is deprecated and will be removed in 7.0
2018-05-15 13:10:27.193 WARN  (coreLoadExecutor-6-thread-1) [   x:blog] o.a.s.s.FieldTypePluginLoader TokenFilterFactory is using deprecated 3.6.0 emulation. You should at some point declare and reindex to at least 6.0, because 5.x emulation is deprecated and will be removed in 7.0
2018-05-15 13:10:27.202 WARN  (coreLoadExecutor-6-thread-1) [   x:blog] o.a.s.s.FieldTypePluginLoader TokenFilterFactory is using deprecated 3.6.0 emulation. You should at some point declare and reindex to at least 6.0, because 5.x emulation is deprecated and will be removed in 7.0
2018-05-15 13:10:27.278 WARN  (coreLoadExecutor-6-thread-1) [   x:blog] o.a.s.s.FieldTypePluginLoader TokenizerFactory is using deprecated 3.6.0 emulation. You should at some point declare and reindex to at least 6.0, because 5.x emulation is deprecated and will be removed in 7.0
2018-05-15 13:10:27.283 WARN  (coreLoadExecutor-6-thread-1) [   x:blog] o.a.s.s.FieldTypePluginLoader TokenFilterFactory is using deprecated 3.6.0 emulation. You should at some point declare and reindex to at least 6.0, because 5.x emulation is deprecated and will be removed in 7.0
2018-05-15 13:10:27.303 WARN  (coreLoadExecutor-6-thread-1) [   x:blog] o.a.s.s.FieldTypePluginLoader TokenFilterFactory is using deprecated 3.6.0 emulation. You should at some point declare and reindex to at least 6.0, because 5.x emulation is deprecated and will be removed in 7.0
2018-05-15 13:10:27.308 WARN  (coreLoadExecutor-6-thread-1) [   x:blog] o.a.s.s.FieldTypePluginLoader TokenFilterFactory is using deprecated 3.6.0 emulation. You should at some point declare and reindex to at least 6.0, because 5.x emulation is deprecated and will be removed in 7.0
2018-05-15 13:10:28.076 INFO  (coreLoadExecutor-6-thread-1) [   x:blog] o.a.s.s.IndexSchema Loaded schema haystack-schema/1.6 with uniqueid field id
2018-05-15 13:10:30.258 INFO  (coreLoadExecutor-6-thread-1) [   x:blog] o.a.s.c.CoreContainer Creating SolrCore 'blog' using configuration from instancedir /home/vagrant/Django/LangSchool/solr-7.2.1/server/solr/blog, trusted=true
2018-05-15 13:10:30.592 INFO  (coreLoadExecutor-6-thread-1) [   x:blog] o.a.s.c.SolrCore solr.RecoveryStrategy.Builder
2018-05-15 13:10:30.647 INFO  (coreLoadExecutor-6-thread-1) [   x:blog] o.a.s.c.SolrCore [[blog] ] Opening new SolrCore at [/home/vagrant/Django/LangSchool/solr-7.2.1/server/solr/blog], dataDir=[/home/vagrant/Django/LangSchool/solr-7.2.1/server/solr/blog/data/]
2018-05-15 13:10:35.978 WARN  (coreLoadExecutor-6-thread-1) [   x:blog] o.a.s.c.SolrResourceLoader Solr loaded a deprecated plugin/analysis class [solr.StandardRequestHandler]. Please consult documentation how to replace it accordingly.
2018-05-15 13:10:36.084 INFO  (coreLoadExecutor-6-thread-1) [   x:blog] o.a.s.u.CommitTracker Hard AutoCommit: disabled
2018-05-15 13:10:36.090 INFO  (coreLoadExecutor-6-thread-1) [   x:blog] o.a.s.u.CommitTracker Soft AutoCommit: disabled
2018-05-15 13:10:38.057 INFO  (coreLoadExecutor-6-thread-1) [   x:blog] o.a.s.s.SolrIndexSearcher Opening [Searcher@73356e8a[blog] main]
2018-05-15 13:10:38.222 INFO  (coreLoadExecutor-6-thread-1) [   x:blog] o.a.s.r.ManagedResourceStorage File-based storage initialized to use dir: /home/vagrant/Django/LangSchool/solr-7.2.1/server/solr/blog/conf
2018-05-15 13:10:38.467 INFO  (coreLoadExecutor-6-thread-1) [   x:blog] o.a.s.h.ReplicationHandler Commits will be reserved for 10000ms.
2018-05-15 13:10:39.775 INFO  (searcherExecutor-7-thread-1-processing-x:blog) [   x:blog] o.a.s.c.SolrCore [blog] Registered new searcher Searcher@73356e8a[blog] main{ExitableDirectoryReader(UninvertingDirectoryReader(Uninverting(_1h(7.2.1):C42)))}
2018-05-15 18:01:15.343 INFO  (qtp20671747-15) [   ] o.a.s.s.HttpSolrCall [admin] webapp=null path=/admin/cores params={indexInfo=false&wt=json&_=1526407273198} status=0 QTime=396
2018-05-15 18:01:16.068 INFO  (qtp20671747-14) [   ] o.a.s.s.HttpSolrCall [admin] webapp=null path=/admin/info/system params={wt=json&_=1526407273215} status=0 QTime=1069
2018-05-15 18:01:16.086 INFO  (qtp20671747-20) [   ] o.a.s.s.HttpSolrCall [admin] webapp=null path=/admin/info/system params={wt=json&_=1526407273215} status=0 QTime=1166
2018-05-15 18:01:30.272 INFO  (qtp20671747-16) [   ] o.a.s.s.HttpSolrCall [admin] webapp=null path=/admin/cores params={indexInfo=false&wt=json&_=1526407273198} status=0 QTime=18
2018-05-15 18:01:30.490 INFO  (qtp20671747-15) [   ] o.a.s.s.HttpSolrCall [admin] webapp=null path=/admin/info/system params={wt=json&_=1526407273215} status=0 QTime=315
2018-05-15 18:01:30.543 INFO  (qtp20671747-18) [   x:blog] o.a.s.c.S.Request [blog]  webapp=/solr path=/admin/ping params={action=status&wt=json&_=1526407273218&ts=1526407273218} status=503 QTime=336
2018-05-15 18:01:30.676 INFO  (qtp20671747-13) [   x:blog] o.a.s.c.S.Request [blog]  webapp=/solr path=/admin/luke params={numTerms=0&show=index&wt=json&_=1526407290102} status=0 QTime=467
2018-05-15 18:01:30.894 INFO  (qtp20671747-12) [   x:blog] o.a.s.c.S.Request [blog]  webapp=/solr path=/replication params={wt=json&command=details&_=1526407290108} status=0 QTime=707
2018-05-15 18:01:30.906 INFO  (qtp20671747-20) [   x:blog] o.a.s.c.S.Request [blog]  webapp=/solr path=/admin/system params={wt=json&_=1526407290104} status=0 QTime=701
2018-05-15 18:08:51.599 INFO  (Thread-0) [   ] o.a.s.c.CoreContainer Shutting down CoreContainer instance=1201484275
2018-05-15 18:08:51.649 INFO  (Thread-0) [   ] o.a.s.m.SolrMetricManager Closing metric reporters for registry=solr.node, tag=null
2018-05-15 18:08:51.667 INFO  (Thread-0) [   ] o.a.s.m.SolrMetricManager Closing metric reporters for registry=solr.jvm, tag=null
2018-05-15 18:08:51.676 INFO  (Thread-0) [   ] o.a.s.m.SolrMetricManager Closing metric reporters for registry=solr.jetty, tag=null
2018-05-15 18:08:51.773 INFO  (coreCloseExecutor-11-thread-1) [   x:blog] o.a.s.c.SolrCore [blog]  CLOSING SolrCore org.apache.solr.core.SolrCore@72a7e088
2018-05-15 18:08:51.821 INFO  (coreCloseExecutor-11-thread-1) [   x:blog] o.a.s.m.SolrMetricManager Closing metric reporters for registry=solr.core.blog, tag=1923604616
